INFO:root:r n b q k b n r
p p p p p p p p
. . . . . . . .
. . . . . . . .
. . . . P . . .
. . . . . . . .
P P P P . P P P
R N B Q K B N R
INFO:root:r n b q k b n r
p p p p p . p p
. . . . . . . .
. . . . . p . .
. . . . P . . .
. . . . . . . .
P P P P . P P P
R N B Q K B N R
INFO:root:r n b q k b n r
p p p p p . p p
. . . . . . . .
. . . . P p . .
. . . . . . . .
. . . . . . . .
P P P P . P P P
R N B Q K B N R
INFO:root:r n b q k b n r
p p p . p . p p
. . . . . . . .
. . . p P p . .
. . . . . . . .
. . . . . . . .
P P P P . P P P
R N B Q K B N R
INFO:root:r n b q k b n r
p p p . p . p p
. . . P . . . .
. . . . . p . .
. . . . . . . .
. . . . . . . .
P P P P . P P P
R N B Q K B N R
INFO:root:r n b q k b n r
p p p . . . p p
. . . p . . . .
. . . . . p . .
. . . . . . . .
. . . . . . . .
P P P P . P P P
R N B Q K B N R
INFO:root:r n b q k b n r
p p p . . . p p
. . . p . . . .
. B . . . p . .
. . . . . . . .
. . . . . . . .
P P P P . P P P
R N B Q K . N R
INFO:root:r n b q k b n r
p p . . . . p p
. . p p . . . .
. B . . . p . .
. . . . . . . .
. . . . . . . .
P P P P . P P P
R N B Q K . N R
INFO:root:r n b q k b n r
p p . . . . p p
. . p p . . . .
. . . . . p . .
B . . . . . . .
. . . . . . . .
P P P P . P P P
R N B Q K . N R
INFO:root:r n b q k b n r
p p . . . . p p
. . p p . . . .
. . . . . . . .
B . . . . p . .
. . . . . . . .
P P P P . P P P
R N B Q K . N R
INFO:root:r n b q k b n r
p p . . . . p p
. . p p . . . .
. . . . . . . .
B . . . . p P .
. . . . . . . .
P P P P . P . P
R N B Q K . N R
INFO:root:r n b q k b n r
p p . . . . p p
. . p p . . . .
. . . . . . . .
B . . . . . . .
. . . . . . p .
P P P P . P . P
R N B Q K . N R
INFO:root:r n b q k b n r
p p p p p p p p
. . . . . . . .
. . . . . . . .
. . . . P . . .
. . . . . . . .
P P P P . P P P
R N B Q K B N R
INFO:root:r n b q k b n r
p p p . p p p p
. . . . . . . .
. . . p . . . .
. . . . P . . .
. . . . . . . .
P P P P . P P P
R N B Q K B N R
INFO:root:r n b q k b n r
p p p . p p p p
. . . . . . . .
. . . p P . . .
. . . . . . . .
. . . . . . . .
P P P P . P P P
R N B Q K B N R
INFO:root:r n b q k b n r
p p p . p . p p
. . . . . . . .
. . . p P p . .
. . . . . . . .
. . . . . . . .
P P P P . P P P
R N B Q K B N R
INFO:root:r n b q k b n r
p p p . p . p p
. . . . . P . .
. . . p . . . .
. . . . . . . .
. . . . . . . .
P P P P . P P P
R N B Q K B N R
INFO:root:r n b q k b n r
p p p . p . p p
. . . . . P . .
. . . . . . . .
. . . p . . . .
. . . . . . . .
P P P P . P P P
R N B Q K B N R
INFO:root:r n b q k b n r
p p p . p . p p
. . . . . P . .
. . . . . . . .
. . P p . . . .
. . . . . . . .
P P . P . P P P
R N B Q K B N R
INFO:root:r n b q k b n r
p p p . p . p p
. . . . . P . .
. . . . . . . .
. . . . . . . .
. . p . . . . .
P P . P . P P P
R N B Q K B N R
INFO:root:r n b q k b n r
p p p p p p p p
. . . . . . . .
. . . . . . . .
. . . . P . . .
. . . . . . . .
P P P P . P P P
R N B Q K B N R
INFO:root:r n b q k b n r
p p p p p . p p
. . . . . . . .
. . . . . p . .
. . . . P . . .
. . . . . . . .
P P P P . P P P
R N B Q K B N R
INFO:root:r n b q k b n r
p p p p p . p p
. . . . . . . .
. . . . P p . .
. . . . . . . .
. . . . . . . .
P P P P . P P P
R N B Q K B N R
INFO:root:r n b q k b n r
p p p . p . p p
. . . . . . . .
. . . p P p . .
. . . . . . . .
. . . . . . . .
P P P P . P P P
R N B Q K B N R
INFO:root:r n b q k b n r
p p p . p . p p
. . . P . . . .
. . . . . p . .
. . . . . . . .
. . . . . . . .
P P P P . P P P
R N B Q K B N R
INFO:root:r n b q k b n r
p p p . p . p p
. . . P . . . .
. . . . . . . .
. . . . . p . .
. . . . . . . .
P P P P . P P P
R N B Q K B N R
INFO:root:r n b q k b n r
p p p . p . p p
. . . P . . . .
. . . . . . . .
. . . . . p P .
. . . . . . . .
P P P P . P . P
R N B Q K B N R
INFO:root:r n b q k b n r
p p p . p . p p
. . . P . . . .
. . . . . . . .
. . . . . . . .
. . . . . . p .
P P P P . P . P
R N B Q K B N R
INFO:root:r n b q k b n r
p p p . p . p p
. . . P . . . .
. . . . . . . .
. . . . . P . .
. . . . . . p .
P P P P . . . P
R N B Q K B N R
INFO:root:r n b q k b n r
p p p . p . p p
. . . P . . . .
. . . . . . . .
. . . . . P . .
. . . . . . . .
P P P P . . . p
R N B Q K B N R
INFO:root:r n b q k b n r
p p p . p . p p
. . . P . . . .
. . . . . . . .
. . . . . P . .
. . . . . . . N
P P P P . . . p
R N B Q K B . R
INFO:root:r n b q k b n r
p p p . . . p p
. . . p . . . .
. . . . . . . .
. . . . . P . .
. . . . . . . N
P P P P . . . p
R N B Q K B . R
INFO:root:r n b q k b n r
p p p . . . p p
. . . p . . . .
. . . . . . . .
. . . . . P . .
. . . . . . . N
P P P P . . . p
R N B Q K B R .
INFO:root:r n b q k b n r
p p p p p p p p
. . . . . . . .
. . . . . . . .
. . . . P . . .
. . . . . . . .
P P P P . P P P
R N B Q K B N R
INFO:root:r n b q k b n r
p p p p p . p p
. . . . . . . .
. . . . . p . .
. . . . P . . .
. . . . . . . .
P P P P . P P P
R N B Q K B N R
INFO:root:r n b q k b n r
p p p p p . p p
. . . . . . . .
. . . . P p . .
. . . . . . . .
. . . . . . . .
P P P P . P P P
R N B Q K B N R
INFO:root:r n b q k b n r
p p p . p . p p
. . . . . . . .
. . . p P p . .
. . . . . . . .
. . . . . . . .
P P P P . P P P
R N B Q K B N R
INFO:root:r n b q k b n r
p p p . p . p p
. . . P . . . .
. . . . . p . .
. . . . . . . .
. . . . . . . .
P P P P . P P P
R N B Q K B N R
INFO:root:r n b q k b n r
p p p . p . p p
. . . P . . . .
. . . . . . . .
. . . . . p . .
. . . . . . . .
P P P P . P P P
R N B Q K B N R
INFO:root:r n b q k b n r
p p p . p . p p
. . . P . . . .
. . . . . . . .
. . . . . p P .
. . . . . . . .
P P P P . P . P
R N B Q K B N R
INFO:root:r n b q k b n r
p p p p p p p p
. . . . . . . .
. . . . . . . .
. . . . P . . .
. . . . . . . .
P P P P . P P P
R N B Q K B N R
INFO:root:r n b q k b n r
p p p p p p . p
. . . . . . . .
. . . . . . p .
. . . . P . . .
. . . . . . . .
P P P P . P P P
R N B Q K B N R
INFO:root:r n b q k b n r
p p p p p p . p
. . . . . . . .
. . . . P . p .
. . . . . . . .
. . . . . . . .
P P P P . P P P
R N B Q K B N R
INFO:root:r n b q k b n r
p p p p p p . p
. . . . . . . .
. . . . P . . .
. . . . . . p .
. . . . . . . .
P P P P . P P P
R N B Q K B N R
INFO:root:r n b q k b n r
p p p p p p . p
. . . . . . . .
. . . . P . . .
. . . . . P p .
. . . . . . . .
P P P P . . P P
R N B Q K B N R
INFO:root:r n b q k b n r
p p p p p p . p
. . . . . . . .
. . . . P . . .
. . . . . . . .
. . . . . p . .
P P P P . . P P
R N B Q K B N R
INFO:root:r n b q k b n r
p p p p p p p p
. . . . . . . .
. . . . . . . .
. . . . P . . .
. . . . . . . .
P P P P . P P P
R N B Q K B N R
INFO:root:r n b q k b n r
p p p p p . p p
. . . . . . . .
. . . . . p . .
. . . . P . . .
. . . . . . . .
P P P P . P P P
R N B Q K B N R
INFO:root:r n b q k b n r
p p p p p . p p
. . . . . . . .
. . . . P p . .
. . . . . . . .
. . . . . . . .
P P P P . P P P
R N B Q K B N R
INFO:root:r n b q k b n r
p p p p p . p p
. . . . . . . .
. . . . P . . .
. . . . . p . .
. . . . . . . .
P P P P . P P P
R N B Q K B N R
INFO:root:r n b q k b n r
p p p p p . p p
. . . . . . . .
. . . . P . . .
. . . . . p P .
. . . . . . . .
P P P P . P . P
R N B Q K B N R
INFO:root:r n b q k b n r
p p p p p . p p
. . . . . . . .
. . . . P . . .
. . . . . . . .
. . . . . . p .
P P P P . P . P
R N B Q K B N R
INFO:root:r n b q k b n r
p p p p p . p p
. . . . . . . .
. . . . P . . .
. . . . . . . .
. . . P . . p .
P P P . . P . P
R N B Q K B N R
INFO:root:r n b q k b n r
p p p . p . p p
. . . . . . . .
. . . p P . . .
. . . . . . . .
. . . P . . p .
P P P . . P . P
R N B Q K B N R
INFO:root:r n b q k b n r
p p p . p . p p
. . . P . . . .
. . . . . . . .
. . . . . . . .
. . . P . . p .
P P P . . P . P
R N B Q K B N R
INFO:root:r n b q k b n r
p p p p p p p p
. . . . . . . .
. . . . . . . .
. . . . P . . .
. . . . . . . .
P P P P . P P P
R N B Q K B N R
INFO:root:r n b q k b . r
p p p p p p p p
. . . . . n . .
. . . . . . . .
. . . . P . . .
. . . . . . . .
P P P P . P P P
R N B Q K B N R
INFO:root:r n b q k b . r
p p p p p p p p
. . . . . n . .
. . . . . . . .
. . . P P . . .
. . . . . . . .
P P P . . P P P
R N B Q K B N R
INFO:root:r n b q k b n r
p p p p p p p p
. . . . . . . .
. . . . . . . .
. . . . P . . .
. . . . . . . .
P P P P . P P P
R N B Q K B N R
INFO:root:r n b q k b . r
p p p p p p p p
. . . . . n . .
. . . . . . . .
. . . . P . . .
. . . . . . . .
P P P P . P P P
R N B Q K B N R
INFO:root:r n b q k b . r
p p p p p p p p
. . . . . n . .
. . . . . . . .
. . . P P . . .
. . . . . . . .
P P P . . P P P
R N B Q K B N R
