INFO:root:r n b q k b n r
p p p p p . p p
. . . . . . . .
. . . . . . . .
. . . . . . P .
. . . . . . . .
P P P P P P P P
R N B Q K B N R
INFO:root:r n b q k b n r
p p p p p . p p
. . . . . . . .
. . . . . . . .
. . . . . . p .
. . . . . . . .
P P P P P P P P
R N B Q K B N R
INFO:root:r n b q k b n r
p p p p p p p p
. . . . . . . .
. . . . . . . .
. . . . P . . .
. . . . . . . .
P P P P . P P P
R N B Q K B N R
INFO:root:r n b q k b n r
p p p . p p p p
. . . . . . . .
. . . p . . . .
. . . . P . . .
. . . . . . . .
P P P P . P P P
R N B Q K B N R
INFO:root:r n b q k b n r
p p p . p p p p
. . . . . . . .
. . . P . . . .
. . . . . . . .
. . . . . . . .
P P P P . P P P
R N B Q K B N R
INFO:root:r n b q k b n r
p p p . . p p p
. . . . . . . .
. . . P p . . .
. . . . . . . .
. . . . . . . .
P P P P . P P P
R N B Q K B N R
INFO:root:r n b q k b n r
p p p . . p p p
. . . . P . . .
. . . . . . . .
. . . . . . . .
. . . . . . . .
P P P P . P P P
R N B Q K B N R
INFO:root:r n b q k b n r
p p p . . . p p
. . . . P . . .
. . . . . p . .
. . . . . . . .
. . . . . . . .
P P P P . P P P
R N B Q K B N R
INFO:root:r n b q k b n r
p p p . P . p p
. . . . . . . .
. . . . . p . .
. . . . . . . .
. . . . . . . .
P P P P . P P P
R N B Q K B N R
INFO:root:r n b . k b n r
p p p . q . p p
. . . . . . . .
. . . . . p . .
. . . . . . . .
. . . . . . . .
P P P P . P P P
R N B Q K B N R
INFO:root:r n b . k b n r
p p p . q . p p
. . . . . . . .
. . . . . p . .
. . . . . . . .
. . . . . . . .
P P P P B P P P
R N B Q K . N R
INFO:root:r n b . k b n r
p p p . . . p p
. . . . . . . .
. . . . . p . .
. . . . . . . .
. . . . . . . .
P P P P q P P P
R N B Q K . N R
INFO:root:r n b q k b n r
p p p p p p p p
. . . . . . . .
. . . . . . . .
. . . . P . . .
. . . . . . . .
P P P P . P P P
R N B Q K B N R
INFO:root:r n b q k b n r
p p p . p p p p
. . . . . . . .
. . . p . . . .
. . . . P . . .
. . . . . . . .
P P P P . P P P
R N B Q K B N R
INFO:root:r n b q k b n r
p p p . p p p p
. . . . . . . .
. . . p P . . .
. . . . . . . .
. . . . . . . .
P P P P . P P P
R N B Q K B N R
INFO:root:r n b q k b n r
p p p . p . p p
. . . . . . . .
. . . p P p . .
. . . . . . . .
. . . . . . . .
P P P P . P P P
R N B Q K B N R
INFO:root:r n b q k b n r
p p p . p . p p
. . . . . P . .
. . . p . . . .
. . . . . . . .
. . . . . . . .
P P P P . P P P
R N B Q K B N R
INFO:root:r n b q k b n r
p p p . p . . p
. . . . . p . .
. . . p . . . .
. . . . . . . .
. . . . . . . .
P P P P . P P P
R N B Q K B N R
INFO:root:r n b q k b n r
p p p . p . . p
. . . . . p . .
. . . p . . . Q
. . . . . . . .
. . . . . . . .
P P P P . P P P
R N B . K B N R
INFO:root:r n b q . b n r
p p p k p . . p
. . . . . p . .
. . . p . . . Q
. . . . . . . .
. . . . . . . .
P P P P . P P P
R N B . K B N R
INFO:root:r n b q . b n r
p p p k p . . p
. . . . . p . .
. . . p . . . .
. . . . . . Q .
. . . . . . . .
P P P P . P P P
R N B . K B N R
INFO:root:r n b q . b n r
p p p . p . . p
. . . k . p . .
. . . p . . . .
. . . . . . Q .
. . . . . . . .
P P P P . P P P
R N B . K B N R
INFO:root:r n b q . b n r
p p p . p . . p
. . . k . p . .
. . . p . . . .
. . . . . . . .
. . . . . . Q .
P P P P . P P P
R N B . K B N R
INFO:root:r n b q . b n r
p p p k p . . p
. . . . . p . .
. . . p . . . .
. . . . . . . .
. . . . . . Q .
P P P P . P P P
R N B . K B N R
INFO:root:r n b q . b n r
p p p k p . . p
. . . . . p . .
. B . p . . . .
. . . . . . . .
. . . . . . Q .
P P P P . P P P
R N B . K . N R
INFO:root:r n b q . b n r
p p . k p . . p
. . p . . p . .
. B . p . . . .
. . . . . . . .
. . . . . . Q .
P P P P . P P P
R N B . K . N R
INFO:root:r n b q . b n r
p p . k p . . p
. . B . . p . .
. . . p . . . .
. . . . . . . .
. . . . . . Q .
P P P P . P P P
R N B . K . N R
INFO:root:r n b q k b n r
p p p p p p p p
. . . . . . . .
. . . . . . . .
. . . . P . . .
. . . . . . . .
P P P P . P P P
R N B Q K B N R
INFO:root:r n b q k b n r
p p p p . p p p
. . . . . . . .
. . . . p . . .
. . . . P . . .
. . . . . . . .
P P P P . P P P
R N B Q K B N R
INFO:root:r n b q k b n r
p p p p . p p p
. . . . . . . .
. . . . p . . .
. . . . P . . .
. . . . . N . .
P P P P . P P P
R N B Q K B . R
INFO:root:r . b q k b n r
p p p p . p p p
. . n . . . . .
. . . . p . . .
. . . . P . . .
. . . . . N . .
P P P P . P P P
R N B Q K B . R
INFO:root:r . b q k b n r
p p p p . p p p
. . n . . . . .
. . . . p . . .
. . . P P . . .
. . . . . N . .
P P P . . P P P
R N B Q K B . R
INFO:root:r n b q k b n r
p p p p p p p p
. . . . . . . .
. . . . . . . .
. . . . P . . .
. . . . . . . .
P P P P . P P P
R N B Q K B N R
INFO:root:r n b q k b n r
p p p p . p p p
. . . . . . . .
. . . . p . . .
. . . . P . . .
. . . . . . . .
P P P P . P P P
R N B Q K B N R
INFO:root:r n b q k b n r
p p p p . p p p
. . . . . . . .
. . . . p . . .
. . . . P . . .
. . . . . N . .
P P P P . P P P
R N B Q K B . R
INFO:root:r . b q k b n r
p p p p . p p p
. . n . . . . .
. . . . p . . .
. . . . P . . .
. . . . . N . .
P P P P . P P P
R N B Q K B . R
INFO:root:r . b q k b n r
p p p p . p p p
. . n . . . . .
. . . . p . . .
. . B . P . . .
. . . . . N . .
P P P P . P P P
R N B Q K . . R
INFO:root:r . b q k b n r
p p p p . p p p
. . . . . . . .
. . . . p . . .
. . B n P . . .
. . . . . N . .
P P P P . P P P
R N B Q K . . R
INFO:root:r . b q k b n r
p p p p . p p p
. . . . . . . .
. . . . N . . .
. . B n P . . .
. . . . . . . .
P P P P . P P P
R N B Q K . . R
INFO:root:r . b . k b n r
p p p p . p p p
. . . . . . . .
. . . . N . q .
. . B n P . . .
. . . . . . . .
P P P P . P P P
R N B Q K . . R
INFO:root:r . b . k b n r
p p p p . B p p
. . . . . . . .
. . . . N . q .
. . . n P . . .
. . . . . . . .
P P P P . P P P
R N B Q K . . R
INFO:root:r . b . . b n r
p p p p k B p p
. . . . . . . .
. . . . N . q .
. . . n P . . .
. . . . . . . .
P P P P . P P P
R N B Q K . . R
INFO:root:r . b . . b n r
p p p p k B p p
. . . . . . . .
. . . . N . q .
. . . n P . . .
. . . P . . . .
P P P . . P P P
R N B Q K . . R
INFO:root:r . b . . b n r
p p p p k B p p
. . . . . . . .
. . . . q . . .
. . . n P . . .
. . . P . . . .
P P P . . P P P
R N B Q K . . R
INFO:root:r . b . . b n r
p p p p k . p p
. . . . . . . .
. . . . q . . .
. . . n P . . .
. B . P . . . .
P P P . . P P P
R N B Q K . . R
INFO:root:r . b . . b n r
p p p p k . p p
. . . . . . . .
. . . . q . . .
. . . . P . . .
. n . P . . . .
P P P . . P P P
R N B Q K . . R
INFO:root:r . b . . b n r
p p p p k . p p
. . . . . . . .
. . . . q . . .
. . . . P . . .
. P . P . . . .
P P . . . P P P
R N B Q K . . R
INFO:root:r . b k . b n r
p p p p . . p p
. . . . . . . .
. . . . q . . .
. . . . P . . .
. P . P . . . .
P P . . . P P P
R N B Q K . . R
INFO:root:r . b k . b n r
p p p p . . p p
. . . . . . . .
. . . . q . B .
. . . . P . . .
. P . P . . . .
P P . . . P P P
R N . Q K . . R
INFO:root:r . b k . . n r
p p p p b . p p
. . . . . . . .
. . . . q . B .
. . . . P . . .
. P . P . . . .
P P . . . P P P
R N . Q K . . R
INFO:root:r . b k . . n r
p p p p B . p p
. . . . . . . .
. . . . q . . .
. . . . P . . .
. P . P . . . .
P P . . . P P P
R N . Q K . . R
INFO:root:r . b k . . n r
p p p p q . p p
. . . . . . . .
. . . . . . . .
. . . . P . . .
. P . P . . . .
P P . . . P P P
R N . Q K . . R
INFO:root:r . b k . . n r
p p p p q . p p
. . . . . . . .
. . . . . . . .
P . . . P . . .
. P . P . . . .
. P . . . P P P
R N . Q K . . R
INFO:root:r . b k . . . r
p p p p q . p p
. . . . . n . .
. . . . . . . .
P . . . P . . .
. P . P . . . .
. P . . . P P P
R N . Q K . . R
INFO:root:r . b k . . . r
p p p p q . p p
. . . . . n . .
P . . . . . . .
. . . . P . . .
. P . P . . . .
. P . . . P P P
R N . Q K . . R
INFO:root:r . b k . . . r
p . p p q . p p
. . . . . n . .
P p . . . . . .
. . . . P . . .
. P . P . . . .
. P . . . P P P
R N . Q K . . R
INFO:root:r . b k . . . r
p . p p q . p p
. P . . . n . .
. . . . . . . .
. . . . P . . .
. P . P . . . .
. P . . . P P P
R N . Q K . . R
INFO:root:r . b k . . . r
p . . p q . p p
. p . . . n . .
. . . . . . . .
. . . . P . . .
. P . P . . . .
. P . . . P P P
R N . Q K . . R
INFO:root:r . b k . . . r
p . . p q . p p
. p . . . n . .
. . . . . . . .
. . . . P . . .
. P N P . . . .
. P . . . P P P
R . . Q K . . R
INFO:root:r . b k . . . r
p . . p . q p p
. p . . . n . .
. . . . . . . .
. . . . P . . .
. P N P . . . .
. P . . . P P P
R . . Q K . . R
INFO:root:r . b k . . . r
p . . p . q p p
. p . . . n . .
. . . . . . . .
. . . . P P . .
. P N P . . . .
. P . . . . P P
R . . Q K . . R
INFO:root:r . b k . . . r
p . . p . . p p
. p . . . n . .
. . . . . . . .
. . . . P P . .
. q N P . . . .
. P . . . . P P
R . . Q K . . R
INFO:root:r . b k . . . r
p . . p . . p p
. p . . . n . .
. . . . . . . .
. . . . P P . .
. Q N P . . . .
. P . . . . P P
R . . . K . . R
INFO:root:r . . k . . . r
p . . p . . p p
b p . . . n . .
. . . . . . . .
. . . . P P . .
. Q N P . . . .
. P . . . . P P
R . . . K . . R
INFO:root:r . . k . . . r
p . . p . . p p
R p . . . n . .
. . . . . . . .
. . . . P P . .
. Q N P . . . .
. P . . . . P P
. . . . K . . R
INFO:root:r . . k r . . .
p . . p . . p p
R p . . . n . .
. . . . . . . .
. . . . P P . .
. Q N P . . . .
. P . . . . P P
. . . . K . . R
INFO:root:r . . k r . . .
p . . p . . p p
R p . . . n . .
. . . . . . . .
. . . . P P . .
. Q N P . . . .
. P . . . . P P
. . . . K R . .
INFO:root:r . . k r . . .
p . . p . . p p
R p . . . . . .
. . . . . . . .
. . . . n P . .
. Q N P . . . .
. P . . . . P P
. . . . K R . .
INFO:root:r . . k r . . .
p . . p . . p p
R p . . . . . .
. . . . . . . .
. . . . N P . .
. Q . P . . . .
. P . . . . P P
. . . . K R . .
INFO:root:r . . k . . . .
p . . p . . p p
R p . . . . . .
. . . . . . . .
. . . . r P . .
. Q . P . . . .
. P . . . . P P
. . . . K R . .
INFO:root:r . . k . . . .
p . . p . . p p
R p . . . . . .
. . . . . . . .
. . . . r P . .
. Q . P . . . .
. P . . . . P P
. . . K . R . .
INFO:root:r . . k . . . .
p . . p . . p p
R p . . . . . .
. . . . . . . .
. r . . . P . .
. Q . P . . . .
. P . . . . P P
. . . K . R . .
INFO:root:r . . k . . . .
p . . p . . p p
. p . . . . . .
. . . . . . . .
R r . . . P . .
. Q . P . . . .
. P . . . . P P
. . . K . R . .
INFO:root:r . . k . . . .
p . . p . . p p
. p . . . . . .
. . . . . . . .
R . . . . P . .
. r . P . . . .
. P . . . . P P
. . . K . R . .
INFO:root:r . . k . . . .
p . . p . . p p
. p . . . . . .
. . . . . P . .
R . . . . . . .
. r . P . . . .
. P . . . . P P
. . . K . R . .
INFO:root:r . . k . . . .
p . . p . . . p
. p . . . . . .
. . . . . P p .
R . . . . . . .
. r . P . . . .
. P . . . . P P
. . . K . R . .
INFO:root:r . . k . . . .
p . . p . . . p
. p . . . . P .
. . . . . . . .
R . . . . . . .
. r . P . . . .
. P . . . . P P
. . . K . R . .
INFO:root:r . . k . . . .
p . . p . . . .
. p . . . . P .
. . . . . . . p
R . . . . . . .
. r . P . . . .
. P . . . . P P
. . . K . R . .
INFO:root:r . . k . . . .
p . . p . . P .
. p . . . . . .
. . . . . . . p
R . . . . . . .
. r . P . . . .
. P . . . . P P
. . . K . R . .
INFO:root:. . r k . . . .
p . . p . . P .
. p . . . . . .
. . . . . . . p
R . . . . . . .
. r . P . . . .
. P . . . . P P
. . . K . R . .
INFO:root:. . r k . . P .
p . . p . . . .
. p . . . . . .
. . . . . . . p
R . . . . . . .
. r . P . . . .
. P . . . . P P
. . . K . R . .
INFO:root:. . r k . . P .
p . . p . . . .
. p . . . . . .
. . . . . . . p
R . . . . . . .
. . . r . . . .
. P . . . . P P
. . . K . R . .
INFO:root:. . r k . . P .
p . . p . . . .
. p . . . . . .
. . . . . . . p
R . . . . . . .
. . . r . . . .
. P . . K . P P
. . . . . R . .
INFO:root:. . r k . . P .
p . . p . . . .
. p . . . . . .
. . . . . . . p
R . . . . . . .
r . . . . . . .
. P . . K . P P
. . . . . R . .
INFO:root:. . r k . R P .
p . . p . . . .
. p . . . . . .
. . . . . . . p
R . . . . . . .
r . . . . . . .
. P . . K . P P
. . . . . . . .
INFO:root:. . r . . R P .
p . k p . . . .
. p . . . . . .
. . . . . . . p
R . . . . . . .
r . . . . . . .
. P . . K . P P
. . . . . . . .
INFO:root:. . R . . . P .
p . k p . . . .
. p . . . . . .
. . . . . . . p
R . . . . . . .
r . . . . . . .
. P . . K . P P
. . . . . . . .
INFO:root:. . k . . . P .
p . . p . . . .
. p . . . . . .
. . . . . . . p
R . . . . . . .
r . . . . . . .
. P . . K . P P
. . . . . . . .
INFO:root:. . k . . . P .
p . . p . . . .
. p . . . . . .
. . . . . . . p
R . . . . . . .
P . . . . . . .
. . . . K . P P
. . . . . . . .
INFO:root:. . k . . . P .
p . . p . . . .
. . . . . . . .
. p . . . . . p
R . . . . . . .
P . . . . . . .
. . . . K . P P
. . . . . . . .
INFO:root:. . k . . . P .
R . . p . . . .
. . . . . . . .
. p . . . . . p
. . . . . . . .
P . . . . . . .
. . . . K . P P
. . . . . . . .
INFO:root:. . . k . . P .
R . . p . . . .
. . . . . . . .
. p . . . . . p
. . . . . . . .
P . . . . . . .
. . . . K . P P
. . . . . . . .
INFO:root:R . . k . . P .
. . . p . . . .
. . . . . . . .
. p . . . . . p
. . . . . . . .
P . . . . . . .
. . . . K . P P
. . . . . . . .
INFO:root:R . . . . . P .
. . . p k . . .
. . . . . . . .
. p . . . . . p
. . . . . . . .
P . . . . . . .
. . . . K . P P
. . . . . . . .
INFO:root:. . . . . . P .
R . . p k . . .
. . . . . . . .
. p . . . . . p
. . . . . . . .
P . . . . . . .
. . . . K . P P
. . . . . . . .
INFO:root:. . . . . . P .
R . . p k . . .
. . . . . . . .
. . . . . . . p
. p . . . . . .
P . . . . . . .
. . . . K . P P
. . . . . . . .
INFO:root:. . . . . . P .
R . . p k . . .
. . . . . . . .
. . . . . . . p
. P . . . . . .
. . . . . . . .
. . . . K . P P
. . . . . . . .
INFO:root:. . . . . . P .
R . . p k . . .
. . . . . . . .
. . . . . . . .
. P . . . . . p
. . . . . . . .
. . . . K . P P
. . . . . . . .
INFO:root:. . . . . . P .
R . . p k . . .
. . . . . . . .
. . . . . . . .
. P . . . . . p
. . . . . . P .
. . . . K . . P
. . . . . . . .
INFO:root:. . . . . . P .
R . . p k . . .
. . . . . . . .
. . . . . . . .
. P . . . . . .
. . . . . . p .
. . . . K . . P
. . . . . . . .
INFO:root:. . . . . . P .
R . . p k . . .
. . . . . . . .
. . . . . . . .
. P . . . . . .
. . . . . . P .
. . . . K . . .
. . . . . . . .
INFO:root:. . . . . . P .
R . . p . . . .
. . . . k . . .
. . . . . . . .
. P . . . . . .
. . . . . . P .
. . . . K . . .
. . . . . . . .
INFO:root:. . . . . . P .
. . . p . . . .
R . . . k . . .
. . . . . . . .
. P . . . . . .
. . . . . . P .
. . . . K . . .
. . . . . . . .
INFO:root:. . . . . . P .
. . . p . . . .
R . . . . . . .
. . . k . . . .
. P . . . . . .
. . . . . . P .
. . . . K . . .
. . . . . . . .
INFO:root:. . . . . . P .
. . . p . . . .
. . . . . . . .
R . . k . . . .
. P . . . . . .
. . . . . . P .
. . . . K . . .
. . . . . . . .
INFO:root:. . . . . . P .
. . . p . . . .
. . . . . . . .
R . . . . . . .
. P k . . . . .
. . . . . . P .
. . . . K . . .
. . . . . . . .
INFO:root:. . . . . . P .
. . . p . . . .
. . . . . . . .
. . . . . . . .
R P k . . . . .
. . . . . . P .
. . . . K . . .
. . . . . . . .
INFO:root:. . . . . . P .
. . . p . . . .
. . . . . . . .
. . . . . . . .
R P . . . . . .
. k . . . . P .
. . . . K . . .
. . . . . . . .
INFO:root:. . . . . . P .
R . . p . . . .
. . . . . . . .
. . . . . . . .
. P . . . . . .
. k . . . . P .
. . . . K . . .
. . . . . . . .
INFO:root:. . . . . . P .
R . . p . . . .
. . . . . . . .
. . . . . . . .
. k . . . . . .
. . . . . . P .
. . . . K . . .
. . . . . . . .
INFO:root:. . . . . . P .
. . . R . . . .
. . . . . . . .
. . . . . . . .
. k . . . . . .
. . . . . . P .
. . . . K . . .
. . . . . . . .
INFO:root:. . . . . . P .
. . . R . . . .
. . . . . . . .
. . k . . . . .
. . . . . . . .
. . . . . . P .
. . . . K . . .
. . . . . . . .
INFO:root:. . . . . . P .
. . R . . . . .
. . . . . . . .
. . k . . . . .
. . . . . . . .
. . . . . . P .
. . . . K . . .
. . . . . . . .
INFO:root:. . . . . . P .
. . R . . . . .
. . . . . . . .
. . . . . . . .
. . . k . . . .
. . . . . . P .
. . . . K . . .
. . . . . . . .
INFO:root:. . . . . . P .
. . . R . . . .
. . . . . . . .
. . . . . . . .
. . . k . . . .
. . . . . . P .
. . . . K . . .
. . . . . . . .
INFO:root:. . . . . . P .
. . . R . . . .
. . . . . . . .
. . . . . . . .
. . . . . . . .
. . k . . . P .
. . . . K . . .
. . . . . . . .
INFO:root:. . . . . . P .
. . . . . . . .
. . . . . . . .
. . . . . . . .
. . . R . . . .
. . k . . . P .
. . . . K . . .
. . . . . . . .
INFO:root:. . . . . . P .
. . . . . . . .
. . . . . . . .
. . . . . . . .
. . . R . . . .
. . . . . . P .
. k . . K . . .
. . . . . . . .
INFO:root:. . . . . . P .
. . . . . . . .
. . . . . . . .
. . . . . . . .
. . . . . . . .
. . . R . . P .
. k . . K . . .
. . . . . . . .
INFO:root:. . . . . . P .
. . . . . . . .
. . . . . . . .
. . . . . . . .
. . . . . . . .
. . . R . . P .
. . . . K . . .
. k . . . . . .
INFO:root:. . . . . . P .
. . . . . . . .
. . . . . . . .
. . . . . . . .
. . . . . . . .
. . . R . . P .
. . . . . . . .
. k . K . . . .
INFO:root:. . . . . . P .
. . . . . . . .
. . . . . . . .
. . . . . . . .
. . . . . . . .
. . . R . . P .
. k . . . . . .
. . . K . . . .
INFO:root:. . . . . . P .
. . . . . . . .
. . . . . . . .
. . . . . . . .
. . . . . . P .
. . . R . . . .
. k . . . . . .
. . . K . . . .
INFO:root:. . . . . . P .
. . . . . . . .
. . . . . . . .
. . . . . . . .
. . . . . . P .
. . . R . . . .
. . . . . . . .
k . . K . . . .
INFO:root:. . . . . . P .
. . . . . . . .
. . . . . . . .
. . . . . . . .
. . . . . . P .
. . . . . . . .
. . . R . . . .
k . . K . . . .
INFO:root:. . . . . . P .
. . . . . . . .
. . . . . . . .
. . . . . . . .
. . . . . . P .
. . . . . . . .
. . . R . . . .
. k . K . . . .
INFO:root:. . . . . . P .
. . . . . . . .
. . . . . . . .
. . . . . . P .
. . . . . . . .
. . . . . . . .
. . . R . . . .
. k . K . . . .
INFO:root:. . . . . . P .
. . . . . . . .
. . . . . . . .
. . . . . . P .
. . . . . . . .
. . . . . . . .
. . . R . . . .
k . . K . . . .
INFO:root:. . . . . . P .
. . . . . . . .
. . . . . . . .
. . . . . . P .
. . . . . . . .
. . . . . . . .
. . R . . . . .
k . . K . . . .
INFO:root:. . . . . . P .
. . . . . . . .
. . . . . . . .
. . . . . . P .
. . . . . . . .
. . . . . . . .
. . R . . . . .
. k . K . . . .
INFO:root:. . . . . . P .
. . . . . . . .
. . . . . . . .
. . . . . . P .
. . . . . . . .
. . . . . . . .
. . R K . . . .
. k . . . . . .
INFO:root:. . . . . . P .
. . . . . . . .
. . . . . . . .
. . . . . . P .
. . . . . . . .
. . . . . . . .
. . R K . . . .
k . . . . . . .
INFO:root:. . . . . . P .
. . . . . . . .
. . . . . . . .
. . . . . . P .
. . . . . . . .
. . K . . . . .
. . R . . . . .
k . . . . . . .
INFO:root:. . . . . . P .
. . . . . . . .
. . . . . . . .
. . . . . . P .
. . . . . . . .
. . K . . . . .
. . R . . . . .
. k . . . . . .
INFO:root:. . . . . . P .
. . . . . . . .
. . . . . . . .
. . . . . . P .
. . . . . . . .
. . K . . . . .
. R . . . . . .
. k . . . . . .
INFO:root:. . . . . . P .
. . . . . . . .
. . . . . . . .
. . . . . . P .
. . . . . . . .
. . K . . . . .
. R . . . . . .
. . k . . . . .
INFO:root:. . . . . . P .
. . . . . . . .
. . . . . . . .
. . . . . . P .
. . . . . . . .
. . K . . . . .
. . R . . . . .
. . k . . . . .
INFO:root:r n b q k b n r
p p p p p p p p
. . . . . . . .
. . . . . . . .
. . . . P . . .
. . . . . . . .
P P P P . P P P
R N B Q K B N R
INFO:root:r n b q k b n r
p p p p p p p p
. . . . . . . .
. . . . . . . .
. . . . P . . .
. . . . . . . .
P P P P . P P P
R N B Q K B N R
INFO:root:r n b q k b n r
p p p p . p p p
. . . . . . . .
. . . . p . . .
. . . . P . . .
. . . . . . . .
P P P P . P P P
R N B Q K B N R
INFO:root:r n b q k b n r
p p p p . p p p
. . . . . . . .
. . . . p . . .
. . . . P . . .
. . . . . N . .
P P P P . P P P
R N B Q K B . R
INFO:root:r . b q k b n r
p p p p . p p p
. . n . . . . .
. . . . p . . .
. . . . P . . .
. . . . . N . .
P P P P . P P P
R N B Q K B . R
INFO:root:r n b q k b n r
p p p p p p p p
. . . . . . . .
. . . . . . . .
. . . . P . . .
. . . . . . . .
P P P P . P P P
R N B Q K B N R
INFO:root:r n b q k b n r
p p p p . p p p
. . . . . . . .
. . . . p . . .
. . . . P . . .
. . . . . . . .
P P P P . P P P
R N B Q K B N R
INFO:root:r n b q k b n r
p p p p . p p p
. . . . . . . .
. . . . p . . .
. . . . P . . .
. . . . . N . .
P P P P . P P P
R N B Q K B . R
INFO:root:r . b q k b n r
p p p p . p p p
. . n . . . . .
. . . . p . . .
. . . . P . . .
. . . . . N . .
P P P P . P P P
R N B Q K B . R
INFO:root:r . b q k b n r
p p p p . p p p
. . n . . . . .
. . . . p . . .
. . . P P . . .
. . . . . N . .
P P P . . P P P
R N B Q K B . R
INFO:root:r n b q k b n r
p p p p p p p p
. . . . . . . .
. . . . . . . .
. . . . P . . .
. . . . . . . .
P P P P . P P P
R N B Q K B N R
INFO:root:r n b q k b n r
p p p p p p p p
. . . . . . . .
. . . . . . . .
. . . . P . . .
. . . . . . . .
P P P P . P P P
R N B Q K B N R
INFO:root:r n b q k b n r
p p p p . p p p
. . . . . . . .
. . . . p . . .
. . . . P . . .
. . . . . . . .
P P P P . P P P
R N B Q K B N R
INFO:root:r n b q k b n r
p p p p p p p p
. . . . . . . .
. . . . . . . .
. . . . P . . .
. . . . . . . .
P P P P . P P P
R N B Q K B N R
INFO:root:r n b q k b n r
p p p p p p p p
. . . . . . . .
. . . . . . . .
. . . . P . . .
. . . . . . . .
P P P P . P P P
R N B Q K B N R
INFO:root:r n b q k b n r
p p p p p p p p
. . . . . . . .
. . . . . . . .
. . . . P . . .
. . . . . . . .
P P P P . P P P
R N B Q K B N R
INFO:root:r n b q k b n r
p p p p . p p p
. . . . . . . .
. . . . p . . .
. . . . P . . .
. . . . . . . .
P P P P . P P P
R N B Q K B N R
INFO:root:r n b q k b n r
p p p p p p p p
. . . . . . . .
. . . . . . . .
. . . . P . . .
. . . . . . . .
P P P P . P P P
R N B Q K B N R
INFO:root:r n b q k b n r
p p p p p p p p
. . . . . . . .
. . . . . . . .
. . . . P . . .
. . . . . . . .
P P P P . P P P
R N B Q K B N R
INFO:root:r n b q k b n r
p p p p . p p p
. . . . . . . .
. . . . p . . .
. . . . P . . .
. . . . . . . .
P P P P . P P P
R N B Q K B N R
INFO:root:r n b q k b n r
p p p p . p p p
. . . . . . . .
. . . . p . . Q
. . . . P . . .
. . . . . . . .
P P P P . P P P
R N B . K B N R
INFO:root:r n b q k b n r
p p p p . p p p
. . . . . . . .
. . . . p . . .
. . . . P . q .
. . . . . . . .
P P P P . P P P
R N B . K B N R
INFO:root:r n b q k b n r
p p p p p p p p
. . . . . . . .
. . . . . . . .
. . . . P . . .
. . . . . . . .
P P P P . P P P
R N B Q K B N R
INFO:root:r n b q k b n r
p p p p p p p p
. . . . . . . .
. . . . . . . .
. . . . p . . .
. . . . . . . .
P P P P . P P P
R N B Q K B N R
INFO:root:r n b q k b n r
p p p p p p p p
. . . . . . . .
. . . . . . . .
. . . . P . . .
. . . . . . . .
P P P P . P P P
R N B Q K B N R
INFO:root:r n b q k b n r
p p p p p p p p
. . . . . . . .
. . . . . . . .
. . . . P . . .
. . . . . . . .
P P P P . P P P
R N B Q K B N R
INFO:root:r n b q k b n r
p p p p p p p p
. . . . . . . .
. . . . . . . .
. . . . P . . .
. . . . . . . .
P P P P . P P P
R N B Q K B N R
INFO:root:r n b q k b n r
p p p p p p p p
. . . . . . . .
. . . . . . . .
. . . . p . . .
. . . . . . . .
P P P P . P P P
R N B Q K B N R
INFO:root:r n b q k b n r
p p p p p p p p
. . . . . . . .
. . . . . . . .
. . . . p P . .
. . . . . . . .
P P P P . . P P
R N B Q K B N R
INFO:root:r n b q k b n r
p p p p p . p p
. . . . . . . .
. . . . . p . .
. . . . p P . .
. . . . . . . .
P P P P . . P P
R N B Q K B N R
INFO:root:r n b q k b n r
p p p p p . p p
. . . . . . . .
. . . . . P . .
. . . . p P . .
. . . . . . . .
P P P P . . P P
R N B Q K B N R
INFO:root:r n b q k b n r
p p p p p . . p
. . . . . . . .
. . . . . P p .
. . . . p P . .
. . . . . . . .
P P P P . . P P
R N B Q K B N R
INFO:root:r n b q k b n r
p p p p p . . p
. . . . . . . .
. . . . . P P .
. . . . p P . .
. . . . . . . .
P P P P . . P P
R N B Q K B N R
INFO:root:r n b q k b n r
p p p p p . . p
. . . . . . . .
. . . . . P P .
. . . . . P . .
. . . . p . . .
P P P P . . P P
R N B Q K B N R
INFO:root:r n b q k b n r
p p p p p p p p
. . . . . . . .
. . . . . . . .
. . . . P . . .
. . . . . . . .
P P P P . P P P
R N B Q K B N R
INFO:root:r n b q k b n r
p p p p . p p p
. . . . . . . .
. . . . p . . .
. . . . P . . .
. . . . . . . .
P P P P . P P P
R N B Q K B N R
INFO:root:r n b q k b n r
p p p p p p p p
. . . . . . . .
. . . . . . . .
. . . . P . . .
. . . . . . . .
P P P P . P P P
R N B Q K B N R
INFO:root:r n b q k b n r
p p p p p p p p
. . . . . . . .
. . . . . . . .
. . . . P . . .
. . . . . . . .
P P P P . P P P
R N B Q K B N R
INFO:root:r n b q k b n r
p p p p . p p p
. . . . . . . .
. . . . p . . .
. . . . P . . .
. . . . . . . .
P P P P . P P P
R N B Q K B N R
INFO:root:r n b q k b n r
p p p p . p p p
. . . . . . . .
. . . . p . . .
. . . . P . . .
. . . . . N . .
P P P P . P P P
R N B Q K B . R
INFO:root:r n b q k b n r
p p p . . p p p
. . . . . . . .
. . . p p . . .
. . . . P . . .
. . . . . N . .
P P P P . P P P
R N B Q K B . R
INFO:root:r n b q k b n r
p p p . . p p p
. . . . . . . .
. . . p N . . .
. . . . P . . .
. . . . . . . .
P P P P . P P P
R N B Q K B . R
INFO:root:r n b q k b n r
p p p p p p p p
. . . . . . . .
. . . . . . . .
. . . . P . . .
. . . . . . . .
P P P P . P P P
R N B Q K B N R
INFO:root:r n b q k b n r
p p p p p . p p
. . . . . . . .
. . . . . p . .
. . . . P . . .
. . . . . . . .
P P P P . P P P
R N B Q K B N R
INFO:root:r n b q k b n r
p p p p p . p p
. . . . . . . .
. . . . . P . .
. . . . . . . .
. . . . . . . .
P P P P . P P P
R N B Q K B N R
INFO:root:r n b q k b n r
p p p p p p p p
. . . . . . . .
. . . . . . . .
. . . . P . . .
. . . . . . . .
P P P P . P P P
R N B Q K B N R
INFO:root:r n b q k b n r
p p p p p . p p
. . . . . . . .
. . . . . p . .
. . . . P . . .
. . . . . . . .
P P P P . P P P
R N B Q K B N R
INFO:root:r n b q k b n r
p p p p p . p p
. . . . . . . .
. . . . . P . .
. . . . . . . .
. . . . . . . .
P P P P . P P P
R N B Q K B N R
INFO:root:r n b q k b n r
p p p p p p p p
. . . . . . . .
. . . . . . . .
. . . . P . . .
. . . . . . . .
P P P P . P P P
R N B Q K B N R
INFO:root:r n b q k b n r
p p p p p . p p
. . . . . . . .
. . . . . p . .
. . . . P . . .
. . . . . . . .
P P P P . P P P
R N B Q K B N R
INFO:root:r n b q k b n r
p p p p p . p p
. . . . . . . .
. . . . . P . .
. . . . . . . .
. . . . . . . .
P P P P . P P P
R N B Q K B N R
INFO:root:r n b q k b n r
p p p p p p p p
. . . . . . . .
. . . . . . . .
. . . . . P . .
. . . . . . . .
P P P P P . P P
R N B Q K B N R
INFO:root:r n b q k b n r
p p p p p p p .
. . . . . . . .
. . . . . . . p
. . . . . P . .
. . . . . . . .
P P P P P . P P
R N B Q K B N R
INFO:root:r n b q k b n r
p p p p p p p .
. . . . . . . .
. . . . . . . p
. . . P . P . .
. . . . . . . .
P P P . P . P P
R N B Q K B N R
INFO:root:r n b q k b . r
p p p p p p p .
. . . . . . . n
. . . . . . . p
. . . P . P . .
. . . . . . . .
P P P . P . P P
R N B Q K B N R
INFO:root:r n b q k b . r
p p p p p p p .
. . . . . . . n
. . . . . . . p
. . . P . P . .
. . . . . N . .
P P P . P . P P
R N B Q K B . R
INFO:root:r n b q k b n r
p p p p p p p p
. . . . . . . .
. . . . . . . .
. . . . P . . .
. . . . . . . .
P P P P . P P P
R N B Q K B N R
INFO:root:r n b q k b n r
p p p p p p p p
. . . . . . . .
. . . . . . . .
. . . . P . . .
. . . . . . . .
P P P P . P P P
R N B Q K B N R
INFO:root:r n b q k b n r
p p p p p p p p
. . . . . . . .
. . . . . . . .
. . . . P . . .
. . . . . . . .
P P P P . P P P
R N B Q K B N R
INFO:root:r n b q k b n r
p p p p . p p p
. . . . . . . .
. . . . p . . .
. . . . P . . .
. . . . . . . .
P P P P . P P P
R N B Q K B N R
INFO:root:r n b q k b n r
p p p p . p p p
. . . . . . . .
. . . . p . . .
. . . . P . . .
. . . . . N . .
P P P P . P P P
R N B Q K B . R
INFO:root:r n b q k b n r
p p p p p p p p
. . . . . . . .
. . . . . . . .
. . . . P . . .
. . . . . . . .
P P P P . P P P
R N B Q K B N R
INFO:root:r n b q k b n r
p p p p p p p p
. . . . . . . .
. . . . . . . .
. . . . P . . .
. . . . . . . .
P P P P . P P P
R N B Q K B N R
INFO:root:r n b q k b n r
p p p p p p p p
. . . . . . . .
. . . . . . . .
. . . . P . . .
. . . . . . . .
P P P P . P P P
R N B Q K B N R
INFO:root:r n b q k b n r
p p p p p . p p
. . . . . . . .
. . . . . p . .
. . . . P . . .
. . . . . . . .
P P P P . P P P
R N B Q K B N R
INFO:root:r n b q k b n r
p p p p p . p p
. . . . . . . .
. . . . . P . .
. . . . . . . .
. . . . . . . .
P P P P . P P P
R N B Q K B N R
INFO:root:r n b q k b . r
p p p p p . p p
. . . . . . . n
. . . . . P . .
. . . . . . . .
. . . . . . . .
P P P P . P P P
R N B Q K B N R
INFO:root:r n b q k b . r
p p p p p . p p
. . . . . P . n
. . . . . . . .
. . . . . . . .
. . . . . . . .
P P P P . P P P
R N B Q K B N R
INFO:root:r n b q k b . r
p p p p p . . p
. . . . . p . n
. . . . . . . .
. . . . . . . .
. . . . . . . .
P P P P . P P P
R N B Q K B N R
INFO:root:r n b q k b . r
p p p p p . . p
. . . . . p . n
. . . . . . . Q
. . . . . . . .
. . . . . . . .
P P P P . P P P
R N B . K B N R
INFO:root:r n b q k b . r
p p p p p n . p
. . . . . p . .
. . . . . . . Q
. . . . . . . .
. . . . . . . .
P P P P . P P P
R N B . K B N R
INFO:root:r n b q k b . r
p p p p p Q . p
. . . . . p . .
. . . . . . . .
. . . . . . . .
. . . . . . . .
P P P P . P P P
R N B . K B N R
INFO:root:r n b q . b . r
p p p p p k . p
. . . . . p . .
. . . . . . . .
. . . . . . . .
. . . . . . . .
P P P P . P P P
R N B . K B N R
INFO:root:r n b q k b n r
p p p p p p p p
. . . . . . . .
. . . . . . . .
. . . . P . . .
. . . . . . . .
P P P P . P P P
R N B Q K B N R
INFO:root:r n b q k b n r
p p p p p p p p
. . . . . . . .
. . . . . . . .
. . . . P . . .
. . . . . . . .
P P P P . P P P
R N B Q K B N R
INFO:root:r n b q k b n r
p p p p p . p p
. . . . . . . .
. . . . . p . .
. . . . P . . .
. . . . . . . .
P P P P . P P P
R N B Q K B N R
INFO:root:r n b q k b n r
p p p p p . p p
. . . . . . . .
. . . . . P . .
. . . . . . . .
. . . . . . . .
P P P P . P P P
R N B Q K B N R
INFO:root:r n b q k b n r
p p p p . . p p
. . . . . . . .
. . . . p P . .
. . . . . . . .
. . . . . . . .
P P P P . P P P
R N B Q K B N R
INFO:root:r n b q k b n r
p p p p . . p p
. . . . P . . .
. . . . . . . .
. . . . . . . .
. . . . . . . .
P P P P . P P P
R N B Q K B N R
INFO:root:r n b q k b n r
p p p p p p p p
. . . . . . . .
. . . . . . . .
. . . . P . . .
. . . . . . . .
P P P P . P P P
R N B Q K B N R
INFO:root:r n b q k b n r
p p p p p p p p
. . . . . . . .
. . . . . . . .
. . . . P . . .
. . . . . . . .
P P P P . P P P
R N B Q K B N R
INFO:root:r n b q k b n r
p p p p p . p p
. . . . . . . .
. . . . . p . .
. . . . P . . .
. . . . . . . .
P P P P . P P P
R N B Q K B N R
INFO:root:r n b q k b n r
p p p p p . p p
. . . . . . . .
. . . . . P . .
. . . . . . . .
. . . . . . . .
P P P P . P P P
R N B Q K B N R
INFO:root:r n b q k b n r
p p p p p . . p
. . . . . . . .
. . . . . P p .
. . . . . . . .
. . . . . . . .
P P P P . P P P
R N B Q K B N R
INFO:root:r n b q k b n r
p p p p p . . p
. . . . . . P .
. . . . . . . .
. . . . . . . .
. . . . . . . .
P P P P . P P P
R N B Q K B N R
INFO:root:r n b q k b n r
p p p p p p p p
. . . . . . . .
. . . . . . . .
. . . . P . . .
. . . . . . . .
P P P P . P P P
R N B Q K B N R
INFO:root:r n b q k b n r
p p p p p . p p
. . . . . . . .
. . . . . p . .
. . . . P . . .
. . . . . . . .
P P P P . P P P
R N B Q K B N R
INFO:root:r n b q k b n r
p p p p p . p p
. . . . . . . .
. . . . . P . .
. . . . . . . .
. . . . . . . .
P P P P . P P P
R N B Q K B N R
INFO:root:r n b q k b n r
p p p p p p p p
. . . . . . . .
. . . . . . . .
. . . . P . . .
. . . . . . . .
P P P P . P P P
R N B Q K B N R
INFO:root:r n b q k b n r
p p p p p p p p
. . . . . . . .
. . . . . . . .
. . . . P . . .
. . . . . . . .
P P P P . P P P
R N B Q K B N R
INFO:root:r n b q k b n r
p p p p p p p p
. . . . . . . .
. . . . . . . .
. . . . P . . .
. . . . . . . .
P P P P . P P P
R N B Q K B N R
INFO:root:r n b q k b n r
p p p p p p p p
. . . . . . . .
. . . . . . . .
. . . . P . . .
. . . . . . . .
P P P P . P P P
R N B Q K B N R
INFO:root:r n b q k b n r
p p p p p p p p
. . . . . . . .
. . . . . . . .
. . . . P . . .
. . . . . . . .
P P P P . P P P
R N B Q K B N R
INFO:root:r n b q k b n r
p p p p . p p p
. . . . . . . .
. . . . p . . .
. . . . P . . .
. . . . . . . .
P P P P . P P P
R N B Q K B N R
INFO:root:r n b q k b n r
p p p p p p p p
. . . . . . . .
. . . . . . . .
. . . . P . . .
. . . . . . . .
P P P P . P P P
R N B Q K B N R
INFO:root:r n b q k b n r
p p p p p . p p
. . . . . . . .
. . . . . p . .
. . . . P . . .
. . . . . . . .
P P P P . P P P
R N B Q K B N R
INFO:root:r n b q k b n r
p p p p p . p p
. . . . . . . .
. . . . . . . .
. . . . P . . .
. . . . . . . .
P P P P . P P P
R N B Q K B N R
INFO:root:r n b q k b n r
p p p p p p p p
. . . . . . . .
. . . . . . . .
. . . . P . . .
. . . . . . . .
P P P P . P P P
R N B Q K B N R
INFO:root:r n b q k b n r
p p p p p p p p
. . . . . . . .
. . . . . . . .
. . . . P . . .
. . . . . . . .
P P P P . P P P
R N B Q K B N R
INFO:root:r n b q k b n r
p p p p p p p p
. . . . . . . .
. . . . . . . .
. . . . P . . .
. . . . . . . .
P P P P . P P P
R N B Q K B N R
INFO:root:r n b q k b n r
p p p p p p p p
. . . . . . . .
. . . . . . . .
. . . . P . . .
. . . . . . . .
P P P P . P P P
R N B Q K B N R
INFO:root:r n b q k b n r
p p p p p p p p
. . . . . . . .
. . . . . . . .
. . . . P . . .
. . . . . . . .
P P P P . P P P
R N B Q K B N R
INFO:root:r n b q k b n r
p p p p p p p p
. . . . . . . .
. . . . . . . .
. . . . P . . .
. . . . . . . .
P P P P . P P P
R N B Q K B N R
INFO:root:r n b q k b n r
p p p p p p p p
. . . . . . . .
. . . . . . . .
. . . . P . . .
. . . . . . . .
P P P P . P P P
R N B Q K B N R
INFO:root:r n b q k b n r
p p p p . p p p
. . . . . . . .
. . . . p . . .
. . . . P . . .
. . . . . . . .
P P P P . P P P
R N B Q K B N R
INFO:root:r n b q k b n r
p p p p . p p p
. . . . . . . .
. . . . p . . .
. . . . P . . .
. . . . . N . .
P P P P . P P P
R N B Q K B . R
INFO:root:r n b q k b n r
p p p p . p p p
. . . . . . . .
. . . . p . . .
. . . . P . . .
. . . . . n . .
P P P P . P P P
R N B Q K B . R
INFO:root:r n b q k b n r
p p p p . p p p
. . . . . . . .
. . . . p . . .
. . . . P . . .
. . . . . N . .
P P P P . P P P
R N B Q K B . R
INFO:root:r n b q k b n r
p p p p . . p p
. . . . . . . .
. . . . p p . .
. . . . P . . .
. . . . . N . .
P P P P . P P P
R N B Q K B . R
INFO:root:r n b q k b n r
p p p p . . p p
. . . . . . . .
. . . . p . . .
. . . . P . . .
. . . . . N . .
P P P P . P P P
R N B Q K B . R
INFO:root:r n b q k b n r
p p p p . . p p
. . . . . . . .
. . . . p p . .
. . . . . . . .
. . . . . N . .
P P P P . P P P
R N B Q K B . R
INFO:root:r n b q k b n r
p p p p . . p p
. . . . . P . .
. . . . p . . .
. . . . . . . .
. . . . . N . .
P P P P . P P P
R N B Q K B . R
INFO:root:r n b q k b n r
p p p p . . p p
. . . . p . . .
. . . . p . . .
. . . . . . . .
. . . . . N . .
P P P P . P P P
R N B Q K B . R
INFO:root:r n b q k b n r
p p p p . . p p
. . . . . . . .
. . . . p . . .
. . . . . . . .
. . . . . N . P
P P P P . P P P
R N B Q K B . R
INFO:root:r n b q k b n r
p p p p . . p p
. . . . . . . .
. . . . p . . .
. . . . . . . .
. . . . . N . .
P P P P p P P P
R N B Q K B . R
INFO:root:r n b q k b n r
p p p p . . p p
. . . . . . . .
. . . . p . . .
. . . . . . . .
. . . . P N . .
P P P P . P P P
R N B Q K B . R
INFO:root:r n b q k b n r
p p p p . . p p
. . . . . . . .
. . . . p p . .
. . . . . . . .
. . . . . N . .
P P P P . P P P
R N B Q K B . R
INFO:root:r n b q k b n r
p p p p . . p p
. . . . . P . .
. . . . p . . .
. . . . . . . .
. . . . . N . .
P P P P . P P P
R N B Q K B . R
INFO:root:r n b q k b n r
p p p p . . p p
. . . . p . . .
. . . . p . . .
. . . . . . . .
. . . . . N . .
P P P P . P P P
R N B Q K B . R
INFO:root:r n b q k b n r
p p p p . . p p
. . . . . . . .
. . . . p P . .
. . . . . . . .
. . . . . N . .
P P P P . P P P
R N B Q K B . R
INFO:root:r n b q k b n r
p p p p . . p p
. . . . . . . .
. . . . p p . .
. . . . . . . .
. . . . . N . .
P P P P . P P P
R N B Q K B . R
INFO:root:r n b q k b n r
p p p p . . p p
. . . . . P . .
. . . . p . . .
. . . . . . . .
. . . . . N . .
P P P P . P P P
R N B Q K B . R
INFO:root:r n b q k b n r
p p p p . . p p
. . . . . . . .
. . . . p . . .
. . . . . . . .
. . . . p N . .
P P P P . P P P
R N B Q K B . R
INFO:root:r n b q k b n r
p p p p p p p p
. . . . . . . .
. . . . . . . .
. . . . P . . .
. . . . . . . .
P P P P . P P P
R N B Q K B N R
INFO:root:r n b q k b n r
p p p p . p p p
. . . . . . . .
. . . . p . . .
. . . . P . . .
. . . . . . . .
P P P P . P P P
R N B Q K B N R
INFO:root:r n b q k b n r
p p p p . p p p
. . . . . . . .
. . . . p . . .
. . . . P . . .
. . . . . N . .
P P P P . P P P
R N B Q K B . R
INFO:root:r n b q k b n r
p p p p p p p p
. . . . . . . .
. . . . . . . .
. . . . P . . .
. . . . . . . .
P P P P . P P P
R N B Q K B N R
INFO:root:r n b q k b n r
p p p p p p p p
. . . . . . . .
. . . . . . . .
. . . . P . . .
. . . . . . . .
P P P P . P P P
R N B Q K B N R
INFO:root:r n b q k b n r
p p p p . p p p
. . . . . . . .
. . . . p . . .
. . . . P . . .
. . . . . . . .
P P P P . P P P
R N B Q K B N R
INFO:root:r n b q k b n r
p p p p . p p p
. . . . . . . .
. . . . p . . .
. . . . P . . .
. . . . . N . .
P P P P . P P P
R N B Q K B . R
INFO:root:r n b q k b n r
p p p . . p p p
. . . p . . . .
. . . . p . . .
. . . . P . . .
. . . . . N . .
P P P P . P P P
R N B Q K B . R
INFO:root:r n b q k b n r
p p p . . p p p
. . . p . . . .
. . . . N . . .
. . . . P . . .
. . . . . . . .
P P P P . P P P
R N B Q K B . R
INFO:root:r n b q k b n r
p p p . . p p p
. . . . . . . .
. . . . p . . .
. . . . P . . .
. . . . . . . .
P P P P . P P P
R N B Q K B . R
INFO:root:r n b q k b n r
p p p . . p p p
. . . . . . . .
. . . . p . . Q
. . . . P . . .
. . . . . . . .
P P P P . P P P
R N B . K B . R
INFO:root:r n b q k b n r
p p p . . p . p
. . . . . . p .
. . . . p . . Q
. . . . P . . .
. . . . . . . .
P P P P . P P P
R N B . K B . R
INFO:root:r n b q k b n r
p p p . . p . p
. . . . . . p .
. . . . Q . . .
. . . . P . . .
. . . . . . . .
P P P P . P P P
R N B . K B . R
INFO:root:r n b q k . n r
p p p . b p . p
. . . . . . p .
. . . . Q . . .
. . . . P . . .
. . . . . . . .
P P P P . P P P
R N B . K B . R
INFO:root:r n b q k . n Q
p p p . b p . p
. . . . . . p .
. . . . . . . .
. . . . P . . .
. . . . . . . .
P P P P . P P P
R N B . K B . R
INFO:root:r n b q k . n Q
p p p . . p . p
. . . . . b p .
. . . . . . . .
. . . . P . . .
. . . . . . . .
P P P P . P P P
R N B . K B . R
INFO:root:r n b q k . Q .
p p p . . p . p
. . . . . b p .
. . . . . . . .
. . . . P . . .
. . . . . . . .
P P P P . P P P
R N B . K B . R
INFO:root:r n b q . . Q .
p p p k . p . p
. . . . . b p .
. . . . . . . .
. . . . P . . .
. . . . . . . .
P P P P . P P P
R N B . K B . R
INFO:root:r n b q . . . .
p p p k . Q . p
. . . . . b p .
. . . . . . . .
. . . . P . . .
. . . . . . . .
P P P P . P P P
R N B . K B . R
INFO:root:r n b . . . . .
p p p k q Q . p
. . . . . b p .
. . . . . . . .
. . . . P . . .
. . . . . . . .
P P P P . P P P
R N B . K B . R
INFO:root:r n b q k b n r
p p p p p p p p
. . . . . . . .
. . . . . . . .
. . . . P . . .
. . . . . . . .
P P P P . P P P
R N B Q K B N R
INFO:root:r n b q k b n r
p p p p p p p p
. . . . . . . .
. . . . . . . .
. . . . P . . .
. . . . . . . .
P P P P . P P P
R N B Q K B N R
INFO:root:r n b q k b n r
p p p p p p p p
. . . . . . . .
. . . . . . . .
. . . . P . . .
. . . . . . . .
P P P P . P P P
R N B Q K B N R
INFO:root:r n b q k b n r
p p p p p p p p
. . . . . . . .
. . . . . . . .
. . . . P . . .
. . . . . . . .
P P P P . P P P
R N B Q K B N R
INFO:root:r n b q k b n r
p p p p p . p p
. . . . . . . .
. . . . . p . .
. . . . P . . .
. . . . . . . .
P P P P . P P P
R N B Q K B N R
INFO:root:r n b q k b n r
p p p p p . p p
. . . . . . . .
. . . . . P . .
. . . . . . . .
. . . . . . . .
P P P P . P P P
R N B Q K B N R
INFO:root:r n b q k b n r
p p p p . . p p
. . . . . . . .
. . . . p P . .
. . . . . . . .
. . . . . . . .
P P P P . P P P
R N B Q K B N R
INFO:root:r n b q k b n r
p p p p . . p p
. . . . P . . .
. . . . . . . .
. . . . . . . .
. . . . . . . .
P P P P . P P P
R N B Q K B N R
INFO:root:r n b q k b n r
p p p p p p p p
. . . . . . . .
. . . . . . . .
. . . . P . . .
. . . . . . . .
P P P P . P P P
R N B Q K B N R
INFO:root:r n b q k b n r
p p p p p . p p
. . . . . . . .
. . . . . p . .
. . . . P . . .
. . . . . . . .
P P P P . P P P
R N B Q K B N R
INFO:root:r n b q k b n r
p p p p p . p p
. . . . . . . .
. . . . . P . .
. . . . . . . .
. . . . . . . .
P P P P . P P P
R N B Q K B N R
INFO:root:r n b q k b n r
p p p p p . . p
. . . . . . . .
. . . . . P p .
. . . . . . . .
. . . . . . . .
P P P P . P P P
R N B Q K B N R
INFO:root:r n b q k b n r
p p p p p . . p
. . . . . . P .
. . . . . . . .
. . . . . . . .
. . . . . . . .
P P P P . P P P
R N B Q K B N R
INFO:root:r n b q k b n r
p p p p p . . .
. . . . . . p .
. . . . . . . .
. . . . . . . .
. . . . . . . .
P P P P . P P P
R N B Q K B N R
INFO:root:r n b q k b n r
p p p p p . . .
. . . . . . p .
. . . . . . . Q
. . . . . . . .
. . . . . . . .
P P P P . P P P
R N B . K B N R
INFO:root:r n b q k b n r
p p p p p . . .
. . . . . . . .
. . . . . . . p
. . . . . . . .
. . . . . . . .
P P P P . P P P
R N B . K B N R
INFO:root:r n b q k b n r
p p p p p . . .
. . . . . . . .
. . . . . . . p
. . . . . . . .
. . . . . . . .
P P P P B P P P
R N B . K . N R
INFO:root:r n b q k b n r
p p p p p . . .
. . . . . . . .
. . . . . . . .
. . . . . . . p
. . . . . . . .
P P P P B P P P
R N B . K . N R
INFO:root:r n b q k b n r
p p p p p . . .
. . . . . . . .
. . . . . . . .
. . . . . . P p
. . . . . . . .
P P P P B P . P
R N B . K . N R
INFO:root:r n b q k b n r
p p p p p . . .
. . . . . . . .
. . . . . . . .
. . . . . . . .
. . . . . . p .
P P P P B P . P
R N B . K . N R
INFO:root:r n b q k b n r
p p p p p . . .
. . . . . . . .
. . . . . . . .
. . . . . . . .
. . . . . . P .
P P P P B P . .
R N B . K . N R
INFO:root:r n b q k b n .
p p p p p . . .
. . . . . . . .
. . . . . . . .
. . . . . . . .
. . . . . . P .
P P P P B P . .
R N B . K . N r
INFO:root:r n b q k b n .
p p p p p . . .
. . . . . . . .
. . . . . . . .
. . . . . . . .
. . . . . . P .
P P P P . P . .
R N B . K B N r
INFO:root:r n b q k b n .
p p p p p . . .
. . . . . . . .
. . . . . . . .
. . . . . . . .
. . . . . . P .
P P P P . P . .
R N B . K B r .
INFO:root:r n b q k b n .
p p p p p . . .
. . . . . . . .
. . . . . . . .
. . . . . . . .
. . . P . . P .
P P P . . P . .
R N B . K B r .
INFO:root:r n b q k b n .
p p p p p . . .
. . . . . . . .
. . . . . . . .
. . . . . . . .
. . . P . . P .
P P P . . P . .
R N B . K r . .
INFO:root:r n b q k b n .
p p p p p . . .
. . . . . . . .
. . . . . . . .
. . . . . . . .
. . . P . . P .
P P P . . P . .
R N B . . K . .
INFO:root:r n b q k b n r
p p p p p p p p
. . . . . . . .
. . . . . . . .
. . . . P . . .
. . . . . . . .
P P P P . P P P
R N B Q K B N R
INFO:root:r n b q k b . r
p p p p p p p p
. . . . . n . .
. . . . . . . .
. . . . P . . .
. . . . . . . .
P P P P . P P P
R N B Q K B N R
INFO:root:r n b q k b . r
p p p p p p p p
. . . . . n . .
. . . . P . . .
. . . . . . . .
. . . . . . . .
P P P P . P P P
R N B Q K B N R
INFO:root:r n b q k b . r
p p p p p p p p
. . . . . . . .
. . . . P . . .
. . . . n . . .
. . . . . . . .
P P P P . P P P
R N B Q K B N R
INFO:root:r n b q k b n r
p p p p p p p p
. . . . . . . .
. . . . . . . .
. . . . P . . .
. . . . . . . .
P P P P . P P P
R N B Q K B N R
INFO:root:r n b q k b n r
p p p p p . p p
. . . . . p . .
. . . . . . . .
. . . . P . . .
. . . . . . . .
P P P P . P P P
R N B Q K B N R
INFO:root:r n b q k b n r
p p p p p . p p
. . . . . p . .
. . . . . . . .
. . . . P . . .
. . . . . P . .
P P P P . . P P
R N B Q K B N R
INFO:root:r n b q k b n r
p p p p p p p p
. . . . . . . .
. . . . . . . .
. . . . P . . .
. . . . . . . .
P P P P . P P P
R N B Q K B N R
INFO:root:r n b q k b n r
p p p p p p p p
. . . . . . . .
. . . . . . . .
. . . . P . . .
. . . . . . . .
P P P P . P P P
R N B Q K B N R
INFO:root:r n b q k b n r
p p p p p . p p
. . . . . p . .
. . . . . . . .
. . . . P . . .
. . . . . . . .
P P P P . P P P
R N B Q K B N R
INFO:root:r n b q k b n r
p p p p p p p p
. . . . . . . .
. . . . . . . .
. . . . . . . .
. . . . . P . .
P P P P P . P P
R N B Q K B N R
INFO:root:r n b q k b n r
p p p p p . p p
. . . . . . . .
. . . . . p . .
. . . . . . . .
. . . . . P . .
P P P P P . P P
R N B Q K B N R
INFO:root:r n b q k b n r
p p p p p . p p
. . . . . . . .
. . . . . p . .
. . . . P . . .
. . . . . P . .
P P P P . . P P
R N B Q K B N R
INFO:root:r n b q k b n r
p p p p p . p p
. . . . . . . .
. . . . . . . .
. . . . p . . .
. . . . . P . .
P P P P . . P P
R N B Q K B N R
INFO:root:r n b q k b n r
p p p p p . p p
. . . . . . . .
. . . . . . . .
. . . . P . . .
. . . . . . . .
P P P P . . P P
R N B Q K B N R
INFO:root:r n b q k b . r
p p p p p . p p
. . . . . n . .
. . . . . . . .
. . . . P . . .
. . . . . . . .
P P P P . . P P
R N B Q K B N R
INFO:root:r n b q k b . r
p p p p p . p p
. . . . . n . .
. . . . . . . .
. . . . P . . .
. . . . . Q . .
P P P P . . P P
R N B . K B N R
INFO:root:r n b q k b . r
p p p p p . p p
. . . . . . . .
. . . n . . . .
. . . . P . . .
. . . . . Q . .
P P P P . . P P
R N B . K B N R
INFO:root:r n b q k b n r
p p p p p p p p
. . . . . . . .
. . . . . . . .
. . . . P . . .
. . . . . . . .
P P P P . P P P
R N B Q K B N R
INFO:root:r n b q k b n r
p p p p p . p p
. . . . . . . .
. . . . . p . .
. . . . P . . .
. . . . . . . .
P P P P . P P P
R N B Q K B N R
INFO:root:r n b q k b n r
p p p p p . p p
. . . . . . . .
. . . . . P . .
. . . . . . . .
. . . . . . . .
P P P P . P P P
R N B Q K B N R
INFO:root:r n b q k b n r
p p p p . . p p
. . . . . . . .
. . . . p P . .
. . . . . . . .
. . . . . . . .
P P P P . P P P
R N B Q K B N R
INFO:root:r n b q k b n r
p p p p . . p p
. . . . P . . .
. . . . . . . .
. . . . . . . .
. . . . . . . .
P P P P . P P P
R N B Q K B N R
INFO:root:r n b q k b n r
p p p . . . p p
. . . . p . . .
. . . . . . . .
. . . . . . . .
. . . . . . . .
P P P P . P P P
R N B Q K B N R
INFO:root:r n b q k b n r
p p p . . . p p
. . . . p . . .
. . . . . . . Q
. . . . . . . .
. . . . . . . .
P P P P . P P P
R N B . K B N R
INFO:root:r n b q k b n r
p p p . . . . p
. . . . p . p .
. . . . . . . Q
. . . . . . . .
. . . . . . . .
P P P P . P P P
R N B . K B N R
INFO:root:r n b q k b n r
p p p . . . . p
. . . . p . p .
. . . . Q . . .
. . . . . . . .
. . . . . . . .
P P P P . P P P
R N B . K B N R
INFO:root:r n b q k b . r
p p p . . . . p
. . . . p n p .
. . . . Q . . .
. . . . . . . .
. . . . . . . .
P P P P . P P P
R N B . K B N R
INFO:root:r n b q k b . r
p p p . . . . p
. . . . p n p .
. . . . Q . . .
. . . . . . . .
. . . P . . . .
P P P . . P P P
R N B . K B N R
INFO:root:r n b q k . . r
p p p . . . . p
. . . b p n p .
. . . . Q . . .
. . . . . . . .
. . . P . . . .
P P P . . P P P
R N B . K B N R
INFO:root:r n b q k . . r
p p p . . . . p
. . . b p n p .
. . . . . . . .
. . . . . . . .
. . . P Q . . .
P P P . . P P P
R N B . K B N R
INFO:root:r n b q k . . r
p p p . . . . p
. . . b p . p .
. . . . . . . .
. . . . n . . .
. . . P Q . . .
P P P . . P P P
R N B . K B N R
INFO:root:r n b q k . . r
p p p . . . . p
. . . b p . p .
. . . . . . . .
. . . . P . . .
. . . . Q . . .
P P P . . P P P
R N B . K B N R
INFO:root:r n b q k . . r
p p p . . . . p
. . . . p . p .
. . . . . . . .
. . . . P . . .
. . . . Q . b .
P P P . . P P P
R N B . K B N R
INFO:root:r n b q k . . r
p p p . . . . p
. . . . p . p .
. . . . . . . .
. . . . P . . .
. . . . Q . P .
P P P . . . P P
R N B . K B N R
INFO:root:r n b . k . . r
p p p . . . . p
. . . . p . p .
. . . . . . q .
. . . . P . . .
. . . . Q . P .
P P P . . . P P
R N B . K B N R
INFO:root:r n b . k . . r
p p p . . . . p
. . . . p . p .
. . . . . . Q .
. . . . P . . .
. . . . . . P .
P P P . . . P P
R N B . K B N R
INFO:root:r n b . k . . r
p p p . . . . p
. . . . . . p .
. . . . p . Q .
. . . . P . . .
. . . . . . P .
P P P . . . P P
R N B . K B N R
INFO:root:r n b q k b n r
p p p p p p p p
. . . . . . . .
. . . . . . . .
. . . . P . . .
. . . . . . . .
P P P P . P P P
R N B Q K B N R
INFO:root:r n b q k b n r
p p p p p . p p
. . . . . . . .
. . . . . p . .
. . . . P . . .
. . . . . . . .
P P P P . P P P
R N B Q K B N R
INFO:root:r n b q k b n r
p p p p p . p p
. . . . . . . .
. . . . P p . .
. . . . . . . .
. . . . . . . .
P P P P . P P P
R N B Q K B N R
INFO:root:r n b q k b n r
p p p p p . p p
. . . . . . . .
. . . . P . . .
. . . . . p . .
. . . . . . . .
P P P P . P P P
R N B Q K B N R
INFO:root:r n b q k b n r
p p p p p . p p
. . . . . . . .
. . . . P . . Q
. . . . . p . .
. . . . . . . .
P P P P . P P P
R N B . K B N R
INFO:root:r n b q k b n r
p p p p p . . p
. . . . . . p .
. . . . P . . Q
. . . . . p . .
. . . . . . . .
P P P P . P P P
R N B . K B N R
INFO:root:r n b q k b n r
p p p p p . . p
. . . . . . p .
. . . . P . . Q
. . . . . p . .
. . . . . . . .
P P P P B P P P
R N B . K . N R
INFO:root:r n b q k b n r
p p p p p . . p
. . . . . . p .
. . . . P . . Q
. . . . . . . .
. . . . . p . .
P P P P B P P P
R N B . K . N R
INFO:root:r n b q k b n r
p p p p p . . p
. . . . . . p .
. . . . P . . Q
. . . . . . . .
. . . . . B . .
P P P P . P P P
R N B . K . N R
INFO:root:r n b q k b n r
p p p . p . . p
. . . . . . p .
. . . p P . . Q
. . . . . . . .
. . . . . B . .
P P P P . P P P
R N B . K . N R
INFO:root:r n b q k b n r
p p p . p . . p
. . . P . . p .
. . . . . . . Q
. . . . . . . .
. . . . . B . .
P P P P . P P P
R N B . K . N R
INFO:root:r n b q k b n r
p p p . . . . p
. . . p . . p .
. . . . . . . Q
. . . . . . . .
. . . . . B . .
P P P P . P P P
R N B . K . N R
INFO:root:r n b q k b n r
p p p . . . . p
. . . p . . p .
. . . . Q . . .
. . . . . . . .
. . . . . B . .
P P P P . P P P
R N B . K . N R
INFO:root:r n b q k b n r
p p p . . . . p
. . . . . . p .
. . . . p . . .
. . . . . . . .
. . . . . B . .
P P P P . P P P
R N B . K . N R
INFO:root:r n b q k b n r
p B p . . . . p
. . . . . . p .
. . . . p . . .
. . . . . . . .
. . . . . . . .
P P P P . P P P
R N B . K . N R
INFO:root:r n . q k b n r
p b p . . . . p
. . . . . . p .
. . . . p . . .
. . . . . . . .
. . . . . . . .
P P P P . P P P
R N B . K . N R
INFO:root:r n . q k b n r
p b p . . . . p
. . . . . . p .
. . . . p . . .
. . . P . . . .
. . . . . . . .
P P P . . P P P
R N B . K . N R
INFO:root:r n . q k b n r
p b p . . . . p
. . . . . . p .
. . . . . . . .
. . . p . . . .
. . . . . . . .
P P P . . P P P
R N B . K . N R
INFO:root:r n . q k b n r
p b p . . . . p
. . . . . . p .
. . . . . . . .
. . . p . . . .
. . . . . . . .
P P P . N P P P
R N B . K . . R
INFO:root:r n . q k b n r
p b p . . . . p
. . . . . . p .
. . . . . . . .
. . . . . . . .
. . . p . . . .
P P P . N P P P
R N B . K . . R
INFO:root:r n . q k b n r
p b p . . . . p
. . . . . . p .
. . . . . . . .
. . . . . . . .
. . . P . . . .
P P . . N P P P
R N B . K . . R
INFO:root:r n . . k b n r
p b p . . . . p
. . . . . . p .
. . . . . . . .
. . . . . . . .
. . . q . . . .
P P . . N P P P
R N B . K . . R
INFO:root:r n . . k b n r
p b p . . . . p
. . . . . . p .
. . . . . . . .
. . . . . B . .
. . . q . . . .
P P . . N P P P
R N . . K . . R
INFO:root:r n . . k b n r
p b p . . . . p
. . . . . . p .
. . . . . . . .
. . . . . B . .
. . . . . . . .
P P . . N P P P
R q . . K . . R
INFO:root:r n . . k b n r
p b p . . . . p
. . . . . . p .
. . . . . . . .
. . . . . B . .
. . . . . . . .
P P . . N P P P
. R . . K . . R
INFO:root:r n . . k . n r
p b p . . . . p
. . . . . . p .
. . . . . . . .
. . . . . B . .
b . . . . . . .
P P . . N P P P
. R . . K . . R
INFO:root:r n . . k . n r
p b p . . . . p
. . . . . . p .
. . . . . . . .
. . . . . B . .
P . . . . . . .
P . . . N P P P
. R . . K . . R
INFO:root:r n . . k . n r
p b . . . . . p
. . . . . . p .
. . p . . . . .
. . . . . B . .
P . . . . . . .
P . . . N P P P
. R . . K . . R
INFO:root:r B . . k . n r
p b . . . . . p
. . . . . . p .
. . p . . . . .
. . . . . . . .
P . . . . . . .
P . . . N P P P
. R . . K . . R
INFO:root:. r . . k . n r
p b . . . . . p
. . . . . . p .
. . p . . . . .
. . . . . . . .
P . . . . . . .
P . . . N P P P
. R . . K . . R
INFO:root:. r . . k . n r
p R . . . . . p
. . . . . . p .
. . p . . . . .
. . . . . . . .
P . . . . . . .
P . . . N P P P
. . . . K . . R
INFO:root:. . r . k . n r
p R . . . . . p
. . . . . . p .
. . p . . . . .
. . . . . . . .
P . . . . . . .
P . . . N P P P
. . . . K . . R
INFO:root:. . r . k . n r
R . . . . . . p
. . . . . . p .
. . p . . . . .
. . . . . . . .
P . . . . . . .
P . . . N P P P
. . . . K . . R
INFO:root:. . r . k . n r
R . . . . . . p
. . . . . . p .
. . . . . . . .
. . p . . . . .
P . . . . . . .
P . . . N P P P
. . . . K . . R
INFO:root:. . r . k . n r
R . . . . . . p
. . . . . . p .
. . . . . . . .
. . p . . . . .
P . N . . . . .
P . . . . P P P
. . . . K . . R
INFO:root:. . . . k . n r
R . r . . . . p
. . . . . . p .
. . . . . . . .
. . p . . . . .
P . N . . . . .
P . . . . P P P
. . . . K . . R
INFO:root:. . . . k . n r
. . R . . . . p
. . . . . . p .
. . . . . . . .
. . p . . . . .
P . N . . . . .
P . . . . P P P
. . . . K . . R
INFO:root:. . . . k . . r
. . R . . . . p
. . . . . n p .
. . . . . . . .
. . p . . . . .
P . N . . . . .
P . . . . P P P
. . . . K . . R
INFO:root:. . . . k . . r
. . . . . . . p
. . . . . n p .
. . . . . . . .
. . R . . . . .
P . N . . . . .
P . . . . P P P
. . . . K . . R
INFO:root:. . . . k . . r
. . . . . . . p
. . . . . . p .
. . . . . . . .
. . R . n . . .
P . N . . . . .
P . . . . P P P
. . . . K . . R
INFO:root:. . . . k . . r
. . . . . . . p
. . . . . . p .
. . . . . . . .
. . . . R . . .
P . N . . . . .
P . . . . P P P
. . . . K . . R
INFO:root:. . . . . . . r
. . . . . k . p
. . . . . . p .
. . . . . . . .
. . . . R . . .
P . N . . . . .
P . . . . P P P
. . . . K . . R
INFO:root:. . . . . . . r
. . . . . k . p
. . . . . . p .
. . . . . . . .
. . . . R . . .
P . N . . . . .
P . . . . P P P
. . . . . R K .
INFO:root:r n b q k b n r
p p p p p p p p
. . . . . . . .
. . . . . . . .
. . . . P . . .
. . . . . . . .
P P P P . P P P
R N B Q K B N R
INFO:root:r n b q k b n r
p p p p . p p p
. . . . . . . .
. . . . p . . .
. . . . P . . .
. . . . . . . .
P P P P . P P P
R N B Q K B N R
INFO:root:r n b q k b n r
p p p p . p p p
. . . . . . . .
. . . . p . . .
. . . . P . . .
. . . . . N . .
P P P P . P P P
R N B Q K B . R
